<?xml version="1.0" encoding="UTF-8"?>
<!-- Generated by org.testng.reporters.JUnitXMLReporter -->
<testsuite ignored="0" hostname="LAPTOP-I5T5VQBO" failures="0" tests="6" name="FirefoxTest" time="0.477" errors="0" timestamp="2023-05-14T10:11:29 EDT">
  <testcase classname="com.datadrivenframework.base.Base" name="@BeforeMethod openBrowser" time="0.052">
    <failure type="java.lang.IllegalStateException" message="The path to the driver executable must be set by the webdriver.gecko.driver system property; for more information, see https://github.com/mozilla/geckodriver. The latest version can be downloaded from https://github.com/mozilla/geckodriver/releases">
      <![CDATA[java.lang.IllegalStateException: The path to the driver executable must be set by the webdriver.gecko.driver system property; for more information, see https://github.com/mozilla/geckodriver. The latest version can be downloaded from https://github.com/mozilla/geckodriver/releases
at com.google.common.base.Preconditions.checkState(Preconditions.java:847)
at org.openqa.selenium.remote.service.DriverService.findExecutable(DriverService.java:134)
at org.openqa.selenium.firefox.GeckoDriverService.access$100(GeckoDriverService.java:44)
at org.openqa.selenium.firefox.GeckoDriverService$Builder.findDefaultExecutable(GeckoDriverService.java:167)
at org.openqa.selenium.remote.service.DriverService$Builder.build(DriverService.java:355)
at org.openqa.selenium.firefox.FirefoxDriver.toExecutor(FirefoxDriver.java:190)
at org.openqa.selenium.firefox.FirefoxDriver.<init>(FirefoxDriver.java:147)
at org.openqa.selenium.firefox.FirefoxDriver.<init>(FirefoxDriver.java:125)
at com.datadrivenframework.base.Browser.openFirefox(Browser.java:51)
at com.datadrivenframework.base.Browser.openBrowser(Browser.java:24)
at com.datadrivenframework.base.Base.openBrowser(Base.java:18)
at java.base/java.util.ArrayList.forEach(ArrayList.java:1511)
at java.base/java.util.concurrent.FutureTask.run(FutureTask.java:264)
at java.base/java.util.concurrent.ThreadPoolExecutor.runWorker(ThreadPoolExecutor.java:1136)
at java.base/java.util.concurrent.ThreadPoolExecutor$Worker.run(ThreadPoolExecutor.java:635)
at java.base/java.lang.Thread.run(Thread.java:833)
... Removed 20 stack frames]]>
    </failure>
  </testcase> <!-- @BeforeMethod openBrowser -->
  <testcase classname="com.datadrivenframework.base.Base" name="@AfterMethod closeBrowser" time="-1.684073488946E9">
    <skipped/>
  </testcase> <!-- @AfterMethod closeBrowser -->
  <testcase classname="com.datadrivenframework.base.Base" name="@BeforeMethod openBrowser" time="-1.684073488947E9">
    <skipped/>
  </testcase> <!-- @BeforeMethod openBrowser -->
  <testcase classname="com.datadrivenframework.base.Base" name="@AfterMethod closeBrowser" time="-1.684073488953E9">
    <skipped/>
  </testcase> <!-- @AfterMethod closeBrowser -->
  <testcase classname="com.datadrivenframework.base.Base" name="@BeforeMethod openBrowser" time="-1.684073488954E9">
    <skipped/>
  </testcase> <!-- @BeforeMethod openBrowser -->
  <testcase classname="com.datadrivenframework.base.Base" name="@AfterMethod closeBrowser" time="-1.684073488961E9">
    <skipped/>
  </testcase> <!-- @AfterMethod closeBrowser -->
  <testcase classname="com.datadrivenframework.base.Base" name="@BeforeMethod openBrowser" time="-1.684073488963E9">
    <skipped/>
  </testcase> <!-- @BeforeMethod openBrowser -->
  <testcase classname="com.datadrivenframework.base.Base" name="@AfterMethod closeBrowser" time="-1.684073488969E9">
    <skipped/>
  </testcase> <!-- @AfterMethod closeBrowser -->
  <testcase classname="com.datadrivenframework.base.Base" name="@BeforeMethod openBrowser" time="-1.684073488971E9">
    <skipped/>
  </testcase> <!-- @BeforeMethod openBrowser -->
  <testcase classname="com.datadrivenframework.base.Base" name="@AfterMethod closeBrowser" time="-1.684073488974E9">
    <skipped/>
  </testcase> <!-- @AfterMethod closeBrowser -->
  <testcase classname="com.datadrivenframework.base.Base" name="@BeforeMethod openBrowser" time="-1.684073488976E9">
    <skipped/>
  </testcase> <!-- @BeforeMethod openBrowser -->
  <testcase classname="com.datadrivenframework.base.Base" name="@AfterMethod closeBrowser" time="-1.68407348898E9">
    <skipped/>
  </testcase> <!-- @AfterMethod closeBrowser -->
  <testcase classname="com.datadrivenframework.tests.ForumPageTest" name="verifyForumPageLogin" time="0.0">
    <skipped/>
  </testcase> <!-- verifyForumPageLogin -->
  <testcase classname="com.datadrivenframework.tests.ForumPageTest" name="verifyForumPageLogin" time="0.0">
    <skipped/>
  </testcase> <!-- verifyForumPageLogin -->
  <testcase classname="com.datadrivenframework.tests.ForumPageTest" name="verifyForumPageLogin" time="0.001">
    <skipped/>
  </testcase> <!-- verifyForumPageLogin -->
  <testcase classname="com.datadrivenframework.tests.ForumPageTest" name="verifyForumPageLogin" time="0.0">
    <skipped/>
  </testcase> <!-- verifyForumPageLogin -->
  <testcase classname="com.datadrivenframework.tests.ForumPageTest" name="verifyForumPageLogin" time="0.0">
    <skipped/>
  </testcase> <!-- verifyForumPageLogin -->
  <testcase classname="com.datadrivenframework.tests.ForumPageTest" name="verifyForumPageLogin" time="0.0">
    <skipped/>
  </testcase> <!-- verifyForumPageLogin -->
</testsuite> <!-- FirefoxTest -->
